Scraping 25 locations in arizona
  → scraping: Foothills of Sunset Peak (Arizona)
    analyzing terrain...
    terrain: ? | city: Morenci (6mi) | slope: gentle slope
  ✓ Foothills of Sunset Peak — quality: partial — sources: 1
  → scraping: Canyon to N of road 1 mi. S of Apache Nat. Forest (Arizona)
    analyzing terrain...
    terrain: 5302ft | city: unknown | slope: gentle slope
  ✓ Canyon to N of road 1 mi. S of Apache Nat. Forest — quality: partial — sources: 1
  → scraping: In pegmatite outcrops on area roadsides (Arizona)
    analyzing terrain...
    terrain: 2066ft | city: Black Canyon City (14mi) | slope: moderate slope
  ✓ In pegmatite outcrops on area roadsides — quality: partial — sources: 1
  → scraping: All along both sides of road from Morristown to Castle Hot Springs (Arizona)
    analyzing terrain...
    terrain: 3148ft | city: Sun City West (21mi) | slope: gentle slope
  ✓ All along both sides of road from Morristown to Castle Hot Springs — quality: partial — sources: 2
  → scraping: Area around hotel (Arizona)
    analyzing terrain...
    terrain: 1963ft | city: Black Canyon City (14mi) | slope: gentle slope
  ✓ Area around hotel — quality: partial — sources: 1
  → scraping: Road along Agua Fria River (Arizona)
    analyzing terrain...
    terrain: 1436ft | city: Sun City West (11mi) | slope: flat
  ✓ Road along Agua Fria River — quality: partial — sources: 1
  → scraping: Emerald Isle Mine (Arizona)
    analyzing terrain...
    terrain: 3681ft | city: Golden Valley (10mi) | slope: flat
  ✓ Emerald Isle Mine — quality: partial — sources: 1
  → scraping: BiMetal Gold Mine (Arizona)
    analyzing terrain...
    terrain: 3030ft | city: Kingman (3mi) | slope: moderate slope
  ✓ BiMetal Gold Mine — quality: partial — sources: 1
  → scraping: Kingman Feldspar Mine (Arizona)
    analyzing terrain...
    terrain: 3873ft | city: Kingman (6mi) | slope: moderate slope
  ✓ Kingman Feldspar Mine — quality: partial — sources: 1
  → scraping: 15 mi. NW of Kingsman (Arizona)
    analyzing terrain...
    terrain: 4387ft | city: unknown | slope: moderate slope
  ✓ 15 mi. NW of Kingsman — quality: partial — sources: 1
  → scraping: Golden Gem & Vanderbilt Mines (Arizona)
    analyzing terrain...
    terrain: 4049ft | city: unknown | slope: moderate slope
  ✓ Golden Gem & Vanderbilt Mines — quality: partial — sources: 1
  → scraping: Area of Mineral Park & Cerbat (Arizona)
    analyzing terrain...
    terrain: 3354ft | city: Golden Valley (7mi) | slope: ?
  ✓ Area of Mineral Park & Cerbat — quality: partial — sources: 1
  → scraping: Area near Meadow Creek Pass (Arizona)
    analyzing terrain...
    terrain: 1802ft | city: Kingman (22mi) | slope: gentle slope
  ✓ Area near Meadow Creek Pass — quality: partial — sources: 2
  → scraping: On top of steep hill (Arizona)
    analyzing terrain...
    terrain: 3140ft | city: Prescott (32mi) | slope: gentle slope
  ✓ On top of steep hill — quality: partial — sources: 1
  → scraping: Area of old Stanton mining camp (Arizona)
    analyzing terrain...
    terrain: 3428ft | city: unknown | slope: gentle slope
  ✓ Area of old Stanton mining camp — quality: partial — sources: 1
  → scraping: On surface around Rich Hill (Arizona)
    analyzing terrain...
    terrain: 5196ft | city: Prescott (29mi) | slope: moderate slope
  ✓ On surface around Rich Hill — quality: partial — sources: 1
  → scraping: Area of old Octave mining camp (Arizona)
    analyzing terrain...
    terrain: 3423ft | city: Prescott (30mi) | slope: flat
  ✓ Area of old Octave mining camp — quality: partial — sources: 1
  → scraping: Congress Mine (Arizona)
    analyzing terrain...
    terrain: 3283ft | city: unknown | slope: flat
  ✓ Congress Mine — quality: partial — sources: 1
  → scraping: Under Burro Creek Bridge (Arizona)
    analyzing terrain...
    terrain: 1922ft | city: Lake Havasu City (51mi) | slope: moderate slope
  ✓ Under Burro Creek Bridge — quality: partial — sources: 1
  → scraping: Date Creek area (Arizona)
    analyzing terrain...
    terrain: 2773ft | city: Prescott (40mi) | slope: flat
  ✓ Date Creek area — quality: partial — sources: 1
  → scraping: Oxbow & Silver Butte Mines (Arizona)
    analyzing terrain...
    terrain: ? | city: Fountain Hills (44mi) | slope: moderate slope
  ✓ Oxbow & Silver Butte Mines — quality: partial — sources: 1
  → scraping: Along North Creek Trail (Arizona)
    analyzing terrain...
    terrain: 4023ft | city: Fountain Hills (42mi) | slope: gentle slope
  ✓ Along North Creek Trail — quality: partial — sources: 2
  → scraping: Area around Diamond Point Lookout (Arizona)
    analyzing terrain...
    terrain: 6047ft | city: Fountain Hills (55mi) | slope: steep terrain
  ✓ Area around Diamond Point Lookout — quality: partial — sources: 1
  → scraping: Area around Ellison Creek (Arizona)
    analyzing terrain...
    terrain: 5136ft | city: Scottsdale (70mi) | slope: gentle slope
  ✓ Area around Ellison Creek — quality: partial — sources: 1
  → scraping: Area of Natural Bridge (Arizona)
    analyzing terrain...
    terrain: 4542ft | city: unknown | slope: moderate slope
  ✓ Area of Natural Bridge — quality: partial — sources: 1

Done. 25 location(s) processed.
