Reading seed JSON...
US locations: 3016 of 11179 total

Valid: 2816 | Flagged: 200
After dedup: 2799

Reverse geocoding 2799 locations (52 min est.)...
  0/2799...
  50/2799...
  100/2799...
  150/2799...
  200/2799...
  250/2799...
  300/2799...
  350/2799...
  400/2799...
  450/2799...
  500/2799...
  550/2799...
  600/2799...
  650/2799...
  700/2799...
  750/2799...
  800/2799...
  850/2799...
  900/2799...
  950/2799...
  1000/2799...
  1050/2799...
  1100/2799...
  1150/2799...
  1200/2799...
  1250/2799...
  1300/2799...
  1350/2799...
  1400/2799...
  1450/2799...
  1500/2799...
  1550/2799...
  1600/2799...
  1650/2799...
  1700/2799...
  1750/2799...
  1800/2799...
  1850/2799...
  1900/2799...
  1950/2799...
  2000/2799...
  2050/2799...
  2100/2799...
  2150/2799...
  2200/2799...
  2250/2799...
  2300/2799...
  2350/2799...
  2400/2799...
  2450/2799...
  2500/2799...
  2550/2799...
  2600/2799...
  2650/2799...
  2700/2799...
  2750/2799...

✓ seed-clean.json written — 2799 locations
✓ seed-flagged.json written — 217 flagged

State breakdown (top 15):
  utah: 245
  north-carolina: 184
  new-mexico: 115
  nevada: 113
  idaho: 110
  massachusetts: 105
  california: 99
  washington: 91
  georgia: 89
  missouri: 89
  virginia: 86
  montana: 83
  pennsylvania: 80
  wyoming: 77
  oregon: 71

Next step: /scrape-state arizona  (or whichever state you want to start with)
